<?xml version="1.0" encoding="UTF-8"?>
<!-- Generated by org.testng.reporters.JUnitReportReporter -->
<testsuite hostname="Pawanuuuu" failures="0" tests="3" name="com.enterprise.tests.SubmitOrderTest" time="17.698" errors="0" timestamp="2025-10-23T19:05:15 IST" skipped="0">
  <testcase classname="com.enterprise.tests.SubmitOrderTest" name="OrderHistoryTest" time="2.368"/>
  <testcase classname="com.enterprise.tests.SubmitOrderTest" name="submitOrder" time="9.270"/>
  <testcase classname="com.enterprise.tests.SubmitOrderTest" name="submitOrder" time="6.060"/>
</testsuite> <!-- com.enterprise.tests.SubmitOrderTest -->
