<?xml version="1.0" encoding="UTF-8"?>
<!-- Generated by org.testng.reporters.JUnitReportReporter -->
<testsuite hostname="Pawanuuuu" failures="0" tests="2" name="com.enterprise.tests.ErrorValidation" time="17.465" errors="0" timestamp="2025-10-23T19:05:15 IST" skipped="0">
  <testcase classname="com.enterprise.tests.ErrorValidation" name="ProductErrorValidation" time="14.011"/>
  <testcase classname="com.enterprise.tests.ErrorValidation" name="LoginErrorValidation" time="3.454"/>
</testsuite> <!-- com.enterprise.tests.ErrorValidation -->
