<?xml version="1.0" encoding="UTF-8"?>
<!-- Generated by org.testng.reporters.JUnitReportReporter -->
<testsuite hostname="Pawanuuuu" failures="0" tests="3" name="com.enterprise.tests.SubmitOrderTest" time="16.905" errors="0" timestamp="2025-10-23T21:24:31 IST" skipped="0">
  <testcase classname="com.enterprise.tests.SubmitOrderTest" name="submitOrder" time="4.589"/>
  <testcase classname="com.enterprise.tests.SubmitOrderTest" name="OrderHistoryTest" time="5.008"/>
  <testcase classname="com.enterprise.tests.SubmitOrderTest" name="submitOrder" time="7.308"/>
</testsuite> <!-- com.enterprise.tests.SubmitOrderTest -->
