<?xml version="1.0" encoding="UTF-8"?>
<!-- Generated by org.testng.reporters.JUnitReportReporter -->
<testsuite hostname="Pawanuuuu" failures="0" tests="2" name="com.enterprise.tests.ErrorValidation" time="13.905" errors="0" timestamp="2025-10-23T21:24:31 IST" skipped="0">
  <testcase classname="com.enterprise.tests.ErrorValidation" name="LoginErrorValidation" time="7.212"/>
  <testcase classname="com.enterprise.tests.ErrorValidation" name="ProductErrorValidation" time="6.693"/>
</testsuite> <!-- com.enterprise.tests.ErrorValidation -->
